<?xml version="1.0" encoding="UTF-8"?>
<!-- Generated by org.testng.reporters.JUnitReportReporter -->
<testsuite skipped="18" hostname="DESKTOP-T7NPA44" name="core.tests.Package" tests="22" failures="0" timestamp="20 Nov 2019 08:21:17 GMT" time="437.694" errors="0">
  <testcase name="tc_Packge_PuneKalyaniNagarSignaturePackage" time="112.061" classname="core.tests.Package"/>
  <testcase name="tc_Packge_BloreWhitefieldLuxuryPackage" time="108.694" classname="core.tests.Package"/>
  <testcase name="tc_Packge_PuneShivajiNagarLuxuryPackage" time="104.714" classname="core.tests.Package"/>
  <testcase name="tc_Packge_PuneShivajiNagarSignaturePackage" time="112.225" classname="core.tests.Package"/>
  <testcase name="tc_Packge_BloreBellandurSignaturePackage" classname="core.tests.Package">
    <skipped/>
  </testcase> <!-- tc_Packge_BloreBellandurSignaturePackage -->
  <testcase name="tc_Packge_MumbaiMaladSignaturePackage" classname="core.tests.Package">
    <skipped/>
  </testcase> <!-- tc_Packge_MumbaiMaladSignaturePackage -->
  <testcase name="tc_Packge_ChennaiTNagarLuxurySingleRoomPackage" classname="core.tests.Package">
    <skipped/>
  </testcase> <!-- tc_Packge_ChennaiTNagarLuxurySingleRoomPackage -->
  <testcase name="tc_Packge_HRBRSignaturePackage" classname="core.tests.Package">
    <skipped/>
  </testcase> <!-- tc_Packge_HRBRSignaturePackage -->
  <testcase name="tc_Packge_HRBRLuxuryPackage" classname="core.tests.Package">
    <skipped/>
  </testcase> <!-- tc_Packge_HRBRLuxuryPackage -->
  <testcase name="tc_Packge_MumbaiVashiSuitePackage" classname="core.tests.Package">
    <skipped/>
  </testcase> <!-- tc_Packge_MumbaiVashiSuitePackage -->
  <testcase name="tc_Packge_BloreMalleshwaramSignaturePackage" classname="core.tests.Package">
    <skipped/>
  </testcase> <!-- tc_Packge_BloreMalleshwaramSignaturePackage -->
  <testcase name="tc_Packge_BloreWhitefieldSignaturePackage" classname="core.tests.Package">
    <skipped/>
  </testcase> <!-- tc_Packge_BloreWhitefieldSignaturePackage -->
  <testcase name="tc_Packge_ChennaiTNagarSignatureSuitPackage" classname="core.tests.Package">
    <skipped/>
  </testcase> <!-- tc_Packge_ChennaiTNagarSignatureSuitPackage -->
  <testcase name="tc_Packge_GurgaonSector47SignaturePackage" classname="core.tests.Package">
    <skipped/>
  </testcase> <!-- tc_Packge_GurgaonSector47SignaturePackage -->
  <testcase name="tc_Packge_BloreMalleshwaramLuxuryPackage" classname="core.tests.Package">
    <skipped/>
  </testcase> <!-- tc_Packge_BloreMalleshwaramLuxuryPackage -->
  <testcase name="tc_Packge_BloreJayanagarSignaturePackage" classname="core.tests.Package">
    <skipped/>
  </testcase> <!-- tc_Packge_BloreJayanagarSignaturePackage -->
  <testcase name="tc_Packge_BloreJayanagarLuxuryPackage" classname="core.tests.Package">
    <skipped/>
  </testcase> <!-- tc_Packge_BloreJayanagarLuxuryPackage -->
  <testcase name="tc_Packge_MumbaiVashiDeluxePackage" classname="core.tests.Package">
    <skipped/>
  </testcase> <!-- tc_Packge_MumbaiVashiDeluxePackage -->
  <testcase name="tc_Packge_PuneKalyaniNagarLuxuryPackage" classname="core.tests.Package">
    <skipped/>
  </testcase> <!-- tc_Packge_PuneKalyaniNagarLuxuryPackage -->
  <testcase name="tc_Packge_BloreOARSignaturePackage" classname="core.tests.Package">
    <skipped/>
  </testcase> <!-- tc_Packge_BloreOARSignaturePackage -->
  <testcase name="tc_Packge_BloreOARLuxuryPackage" classname="core.tests.Package">
    <skipped/>
  </testcase> <!-- tc_Packge_BloreOARLuxuryPackage -->
  <testcase name="tc_Packge_MumbaiMaladLuxuryPackage" classname="core.tests.Package">
    <skipped/>
  </testcase> <!-- tc_Packge_MumbaiMaladLuxuryPackage -->
</testsuite> <!-- core.tests.Package -->
