<?xml version="1.0" encoding="UTF-8"?>
<!-- Generated by org.testng.reporters.JUnitReportReporter -->
<testsuite skipped="1" hostname="DESKTOP-T7NPA44" name="core.tests.Login" tests="2" failures="0" timestamp="21 Nov 2019 09:18:30 GMT" time="58.391" errors="0">
  <testcase name="tc_LoginWithValidMobileNoAndInvalidPass" time="58.391" classname="core.tests.Login"/>
  <testcase name="tc_LoginWithValidMobileNoAndValidPass" classname="core.tests.Login">
    <skipped/>
  </testcase> <!-- tc_LoginWithValidMobileNoAndValidPass -->
</testsuite> <!-- core.tests.Login -->
