<?xml version="1.0" encoding="UTF-8"?>
<!-- Generated by org.testng.reporters.JUnitReportReporter -->
<testsuite skipped="10" hostname="DESKTOP-T7NPA44" name="core.tests.Booking" tests="11" failures="0" timestamp="21 Nov 2019 11:56:16 GMT" time="95.189" errors="0">
  <testcase name="tc_CancelAppointment" time="95.189" classname="core.tests.Booking"/>
  <testcase name="tc_BookAnAppointmentUsingRadiologistScansGurgaon" classname="core.tests.Booking">
    <skipped/>
  </testcase> <!-- tc_BookAnAppointmentUsingRadiologistScansGurgaon -->
  <testcase name="tc_BookAnAppointment" classname="core.tests.Booking">
    <skipped/>
  </testcase> <!-- tc_BookAnAppointment -->
  <testcase name="tc_BookAndCancelAppointment" classname="core.tests.Booking">
    <skipped/>
  </testcase> <!-- tc_BookAndCancelAppointment -->
  <testcase name="tc_BookAScan" classname="core.tests.Booking">
    <skipped/>
  </testcase> <!-- tc_BookAScan -->
  <testcase name="tc_BookALabTestXray" classname="core.tests.Booking">
    <skipped/>
  </testcase> <!-- tc_BookALabTestXray -->
  <testcase name="tc_MakeFutureApptAndCancel" classname="core.tests.Booking">
    <skipped/>
  </testcase> <!-- tc_MakeFutureApptAndCancel -->
  <testcase name="tc_CheckAppointmentFailed" classname="core.tests.Booking">
    <skipped/>
  </testcase> <!-- tc_CheckAppointmentFailed -->
  <testcase name="tc_BookALabTestLAB" classname="core.tests.Booking">
    <skipped/>
  </testcase> <!-- tc_BookALabTestLAB -->
  <testcase name="tc_BookAnAppointmentUsingRadiologistScans" classname="core.tests.Booking">
    <skipped/>
  </testcase> <!-- tc_BookAnAppointmentUsingRadiologistScans -->
  <testcase name="tc_BookAnAppointmentBump" classname="core.tests.Booking">
    <skipped/>
  </testcase> <!-- tc_BookAnAppointmentBump -->
</testsuite> <!-- core.tests.Booking -->
