<?xml version="1.0" encoding="UTF-8"?>
<!-- Generated by org.testng.reporters.JUnitReportReporter -->
<testsuite skipped="65" hostname="DESKTOP-T7NPA44" name="core.tests.Scenarios" tests="66" failures="0" timestamp="24 Oct 2019 11:04:29 GMT" time="360.758" errors="1">
  <testcase name="tc_MakeFutureApptAndCancel" time="360.758" classname="core.tests.Scenarios">
    <error type="java.lang.Exception" message="Failure in Creating Control =&gt; Platform: ANDROID, Page: HomePage, Control Name: consultationSuccessfullyBookedTxt, Locator Type: XPATH, Locator Value: //*[contains(@text, &#039;CONSULTATION SUCCESSFULLY BOOKED&#039;)]. Exception: Control could not be identified with locator type: XPATH and locator value: //*[contains(@text, &#039;CONSULTATION SUCCESSFULLY BOOKED&#039;)]">
      <![CDATA[java.lang.Exception: Failure in Creating Control => Platform: ANDROID, Page: HomePage, Control Name: consultationSuccessfullyBookedTxt, Locator Type: XPATH, Locator Value: //*[contains(@text, 'CONSULTATION SUCCESSFULLY BOOKED')]. Exception: Control could not be identified with locator type: XPATH and locator value: //*[contains(@text, 'CONSULTATION SUCCESSFULLY BOOKED')]at control.Control.throwControlCreationException(Control.java:73)at control.Control.createControl(Control.java:101)at page.Page.getControl(Page.java:59)at core.pages.HomePage.makeAnAppointmentWithViewOtherDoctors(HomePage.java:174)at core.tests.Scenarios.tc_MakeFutureApptAndCancel(Scenarios.java:67)at sun.reflect.NativeMethodAccessorImpl.invoke0(Native Method)at sun.reflect.NativeMethodAccessorImpl.invoke(NativeMethodAccessorImpl.java:62)at sun.reflect.DelegatingMethodAccessorImpl.invoke(DelegatingMethodAccessorImpl.java:43)at java.lang.reflect.Method.invoke(Method.java:498)at org.testng.internal.MethodInvocationHelper.invokeMethod(MethodInvocationHelper.java:124)at org.testng.internal.Invoker.invokeMethod(Invoker.java:571)at org.testng.internal.Invoker.invokeTestMethod(Invoker.java:707)at org.testng.internal.Invoker.invokeTestMethods(Invoker.java:979)at org.testng.internal.TestMethodWorker.invokeTestMethods(TestMethodWorker.java:125)at org.testng.internal.TestMethodWorker.run(TestMethodWorker.java:109)at org.testng.TestRunner.privateRun(TestRunner.java:648)at org.testng.TestRunner.run(TestRunner.java:505)at org.testng.SuiteRunner.runTest(SuiteRunner.java:455)at org.testng.SuiteRunner.runSequentially(SuiteRunner.java:450)at org.testng.SuiteRunner.privateRun(SuiteRunner.java:415)at org.testng.SuiteRunner.run(SuiteRunner.java:364)at org.testng.SuiteRunnerWorker.runSuite(SuiteRunnerWorker.java:52)at org.testng.SuiteRunnerWorker.run(SuiteRunnerWorker.java:84)at org.testng.TestNG.runSuitesSequentially(TestNG.java:1187)at org.testng.TestNG.runSuitesLocally(TestNG.java:1116)at org.testng.TestNG.runSuites(TestNG.java:1028)at org.testng.TestNG.run(TestNG.java:996)at org.apache.maven.surefire.testng.TestNGExecutor.run(TestNGExecutor.java:132)at org.apache.maven.surefire.testng.TestNGDirectoryTestSuite.executeSingleClass(TestNGDirectoryTestSuite.java:112)at org.apache.maven.surefire.testng.TestNGDirectoryTestSuite.execute(TestNGDirectoryTestSuite.java:99)at org.apache.maven.surefire.testng.TestNGProvider.invoke(TestNGProvider.java:147)at org.apache.maven.surefire.booter.ForkedBooter.invokeProviderInSameClassLoader(ForkedBooter.java:290)at org.apache.maven.surefire.booter.ForkedBooter.runSuitesInProcess(ForkedBooter.java:242)at org.apache.maven.surefire.booter.ForkedBooter.main(ForkedBooter.java:121)]]>
    </error>
  </testcase> <!-- tc_MakeFutureApptAndCancel -->
  <testcase name="tc_Packge_HRBRSignaturePackage" classname="core.tests.Scenarios">
    <skipped/>
  </testcase> <!-- tc_Packge_HRBRSignaturePackage -->
  <testcase name="tc_BookAndCancelAppointment" classname="core.tests.Scenarios">
    <skipped/>
  </testcase> <!-- tc_BookAndCancelAppointment -->
  <testcase name="tc_Account_Help_HowToLoginOrSignUp" classname="core.tests.Scenarios">
    <skipped/>
  </testcase> <!-- tc_Account_Help_HowToLoginOrSignUp -->
  <testcase name="tc_Packge_BloreMalleshwaramSignaturePackage" classname="core.tests.Scenarios">
    <skipped/>
  </testcase> <!-- tc_Packge_BloreMalleshwaramSignaturePackage -->
  <testcase name="tc_Account_Help_NotAbleToSeeMyCalendar" classname="core.tests.Scenarios">
    <skipped/>
  </testcase> <!-- tc_Account_Help_NotAbleToSeeMyCalendar -->
  <testcase name="tc_Packge_MumbaiMaladSignaturePackage" classname="core.tests.Scenarios">
    <skipped/>
  </testcase> <!-- tc_Packge_MumbaiMaladSignaturePackage -->
  <testcase name="tc_Account_Help_FindPrescriptionScanOrLabsReport" classname="core.tests.Scenarios">
    <skipped/>
  </testcase> <!-- tc_Account_Help_FindPrescriptionScanOrLabsReport -->
  <testcase name="tc_CancelAppointment" classname="core.tests.Scenarios">
    <skipped/>
  </testcase> <!-- tc_CancelAppointment -->
  <testcase name="tc_Account_Help_ARI_GkVale" classname="core.tests.Scenarios">
    <skipped/>
  </testcase> <!-- tc_Account_Help_ARI_GkVale -->
  <testcase name="tc_BookAnAppointment" classname="core.tests.Scenarios">
    <skipped/>
  </testcase> <!-- tc_BookAnAppointment -->
  <testcase name="tc_Packge_PuneShivajiNagarLuxuryPackage" classname="core.tests.Scenarios">
    <skipped/>
  </testcase> <!-- tc_Packge_PuneShivajiNagarLuxuryPackage -->
  <testcase name="tc_Packge_BloreOARLuxuryPackage" classname="core.tests.Scenarios">
    <skipped/>
  </testcase> <!-- tc_Packge_BloreOARLuxuryPackage -->
  <testcase name="tc_AboutTermsAndConditions" classname="core.tests.Scenarios">
    <skipped/>
  </testcase> <!-- tc_AboutTermsAndConditions -->
  <testcase name="tc_Account_Help_ARI_MyContactNumberAlreadyShowingAsRegistered" classname="core.tests.Scenarios">
    <skipped/>
  </testcase> <!-- tc_Account_Help_ARI_MyContactNumberAlreadyShowingAsRegistered -->
  <testcase name="tc_Account_Help_ARI_ChangeInfoIfWrongTabChosen" classname="core.tests.Scenarios">
    <skipped/>
  </testcase> <!-- tc_Account_Help_ARI_ChangeInfoIfWrongTabChosen -->
  <testcase name="tc_Account_Help_ARI_ValidIdentityProofForMeOrMyChild" classname="core.tests.Scenarios">
    <skipped/>
  </testcase> <!-- tc_Account_Help_ARI_ValidIdentityProofForMeOrMyChild -->
  <testcase name="tc_Account_Help_ARI_RescheduleMyAppointment" classname="core.tests.Scenarios">
    <skipped/>
  </testcase> <!-- tc_Account_Help_ARI_RescheduleMyAppointment -->
  <testcase name="tc_Packge_BloreJayanagarSignaturePackage" classname="core.tests.Scenarios">
    <skipped/>
  </testcase> <!-- tc_Packge_BloreJayanagarSignaturePackage -->
  <testcase name="tc_Account_Help_ARI_CannotSeeAvailableSlotsForMyDoc" classname="core.tests.Scenarios">
    <skipped/>
  </testcase> <!-- tc_Account_Help_ARI_CannotSeeAvailableSlotsForMyDoc -->
  <testcase name="tc_Packge_PuneKalyaniNagarSignaturePackage" classname="core.tests.Scenarios">
    <skipped/>
  </testcase> <!-- tc_Packge_PuneKalyaniNagarSignaturePackage -->
  <testcase name="tc_Account_Help_ARI_CantCancelAppointment" classname="core.tests.Scenarios">
    <skipped/>
  </testcase> <!-- tc_Account_Help_ARI_CantCancelAppointment -->
  <testcase name="tc_Packge_BloreMalleshwaramLuxuryPackage" classname="core.tests.Scenarios">
    <skipped/>
  </testcase> <!-- tc_Packge_BloreMalleshwaramLuxuryPackage -->
  <testcase name="tc_BookAScan" classname="core.tests.Scenarios">
    <skipped/>
  </testcase> <!-- tc_BookAScan -->
  <testcase name="tc_Packge_BloreWhitefieldLuxuryPackage" classname="core.tests.Scenarios">
    <skipped/>
  </testcase> <!-- tc_Packge_BloreWhitefieldLuxuryPackage -->
  <testcase name="tc_Account_Help_ARI_CantSeeMyBookedAppointmentInApp" classname="core.tests.Scenarios">
    <skipped/>
  </testcase> <!-- tc_Account_Help_ARI_CantSeeMyBookedAppointmentInApp -->
  <testcase name="tc_BookALabTestXray" classname="core.tests.Scenarios">
    <skipped/>
  </testcase> <!-- tc_BookALabTestXray -->
  <testcase name="tc_Account_Help_ARI_BookApptForFollowUpVisit" classname="core.tests.Scenarios">
    <skipped/>
  </testcase> <!-- tc_Account_Help_ARI_BookApptForFollowUpVisit -->
  <testcase name="tc_Packge_HRBRLuxuryPackage" classname="core.tests.Scenarios">
    <skipped/>
  </testcase> <!-- tc_Packge_HRBRLuxuryPackage -->
  <testcase name="tc_Account_Help_ARI_EligibleForDiscount" classname="core.tests.Scenarios">
    <skipped/>
  </testcase> <!-- tc_Account_Help_ARI_EligibleForDiscount -->
  <testcase name="tc_Account_Help_ARI_DidnotGetOTP" classname="core.tests.Scenarios">
    <skipped/>
  </testcase> <!-- tc_Account_Help_ARI_DidnotGetOTP -->
  <testcase name="tc_Account_Help_ARI_CantSeeMPINOrMPID" classname="core.tests.Scenarios">
    <skipped/>
  </testcase> <!-- tc_Account_Help_ARI_CantSeeMPINOrMPID -->
  <testcase name="tc_BookAnAppointmentUsingRadiologistScans" classname="core.tests.Scenarios">
    <skipped/>
  </testcase> <!-- tc_BookAnAppointmentUsingRadiologistScans -->
  <testcase name="tc_Account_Help_WhatIsGynaecCalendar" classname="core.tests.Scenarios">
    <skipped/>
  </testcase> <!-- tc_Account_Help_WhatIsGynaecCalendar -->
  <testcase name="tc_Packge_BloreOARSignaturePackage" classname="core.tests.Scenarios">
    <skipped/>
  </testcase> <!-- tc_Packge_BloreOARSignaturePackage -->
  <testcase name="tc_Account_Help_WhatIsBump" classname="core.tests.Scenarios">
    <skipped/>
  </testcase> <!-- tc_Account_Help_WhatIsBump -->
  <testcase name="tc_Packge_PuneKalyaniNagarLuxuryPackage" classname="core.tests.Scenarios">
    <skipped/>
  </testcase> <!-- tc_Packge_PuneKalyaniNagarLuxuryPackage -->
  <testcase name="tc_Packge_BloreJayanagarLuxuryPackage" classname="core.tests.Scenarios">
    <skipped/>
  </testcase> <!-- tc_Packge_BloreJayanagarLuxuryPackage -->
  <testcase name="tc_Account_HealthRecords_ViewTransactions" classname="core.tests.Scenarios">
    <skipped/>
  </testcase> <!-- tc_Account_HealthRecords_ViewTransactions -->
  <testcase name="tc_Packge_BloreWhitefieldSignaturePackage" classname="core.tests.Scenarios">
    <skipped/>
  </testcase> <!-- tc_Packge_BloreWhitefieldSignaturePackage -->
  <testcase name="tc_Packge_MumbaiVashiSuitePackage" classname="core.tests.Scenarios">
    <skipped/>
  </testcase> <!-- tc_Packge_MumbaiVashiSuitePackage -->
  <testcase name="tc_Account_Help_BookLabOrScan" classname="core.tests.Scenarios">
    <skipped/>
  </testcase> <!-- tc_Account_Help_BookLabOrScan -->
  <testcase name="tc_Account_Help_WhatIsMPIN" classname="core.tests.Scenarios">
    <skipped/>
  </testcase> <!-- tc_Account_Help_WhatIsMPIN -->
  <testcase name="tc_Account_Help_BookThroughIOB" classname="core.tests.Scenarios">
    <skipped/>
  </testcase> <!-- tc_Account_Help_BookThroughIOB -->
  <testcase name="tc_Packge_BloreBellandurSignaturePackage" classname="core.tests.Scenarios">
    <skipped/>
  </testcase> <!-- tc_Packge_BloreBellandurSignaturePackage -->
  <testcase name="tc_AppSignOut" classname="core.tests.Scenarios">
    <skipped/>
  </testcase> <!-- tc_AppSignOut -->
  <testcase name="tc_LoginWithvalidMobileNo" classname="core.tests.Scenarios">
    <skipped/>
  </testcase> <!-- tc_LoginWithvalidMobileNo -->
  <testcase name="tc_BookALabTestLAB" classname="core.tests.Scenarios">
    <skipped/>
  </testcase> <!-- tc_BookALabTestLAB -->
  <testcase name="tc_Account_Help_ARI_HowDoICancelAppointment" classname="core.tests.Scenarios">
    <skipped/>
  </testcase> <!-- tc_Account_Help_ARI_HowDoICancelAppointment -->
  <testcase name="tc_Packge_MumbaiMaladLuxuryPackage" classname="core.tests.Scenarios">
    <skipped/>
  </testcase> <!-- tc_Packge_MumbaiMaladLuxuryPackage -->
  <testcase name="tc_Account_HealthRecords" classname="core.tests.Scenarios">
    <skipped/>
  </testcase> <!-- tc_Account_HealthRecords -->
  <testcase name="tc_InviteFriendsAndFamily" classname="core.tests.Scenarios">
    <skipped/>
  </testcase> <!-- tc_InviteFriendsAndFamily -->
  <testcase name="tc_About_AboutCloudnine" classname="core.tests.Scenarios">
    <skipped/>
  </testcase> <!-- tc_About_AboutCloudnine -->
  <testcase name="tc_Packge_GurgaonSector47SignaturePackage" classname="core.tests.Scenarios">
    <skipped/>
  </testcase> <!-- tc_Packge_GurgaonSector47SignaturePackage -->
  <testcase name="tc_Account_Help_ARI_BookACabForAppointmentFromApp" classname="core.tests.Scenarios">
    <skipped/>
  </testcase> <!-- tc_Account_Help_ARI_BookACabForAppointmentFromApp -->
  <testcase name="tc_Account_HealthRecords_ViewInvoiceAndPrescription" classname="core.tests.Scenarios">
    <skipped/>
  </testcase> <!-- tc_Account_HealthRecords_ViewInvoiceAndPrescription -->
  <testcase name="tc_Account_Help_ARI_BookAnApptWithMyDoc" classname="core.tests.Scenarios">
    <skipped/>
  </testcase> <!-- tc_Account_Help_ARI_BookAnApptWithMyDoc -->
  <testcase name="tc_BookAnAppointmentUsingRadiologistScansGurgaon" classname="core.tests.Scenarios">
    <skipped/>
  </testcase> <!-- tc_BookAnAppointmentUsingRadiologistScansGurgaon -->
  <testcase name="tc_Account_Help_ARI_AvailableCloudnineLocation" classname="core.tests.Scenarios">
    <skipped/>
  </testcase> <!-- tc_Account_Help_ARI_AvailableCloudnineLocation -->
  <testcase name="tc_Account_Help_ARI_SeeMyNameAsInvalid" classname="core.tests.Scenarios">
    <skipped/>
  </testcase> <!-- tc_Account_Help_ARI_SeeMyNameAsInvalid -->
  <testcase name="tc_Packge_PuneShivajiNagarSignaturePackage" classname="core.tests.Scenarios">
    <skipped/>
  </testcase> <!-- tc_Packge_PuneShivajiNagarSignaturePackage -->
  <testcase name="tc_Account_Help_ARI_AvailableDoctorsRelatedToParticularSpeciality" classname="core.tests.Scenarios">
    <skipped/>
  </testcase> <!-- tc_Account_Help_ARI_AvailableDoctorsRelatedToParticularSpeciality -->
  <testcase name="tc_Packge_MumbaiVashiDeluxePackage" classname="core.tests.Scenarios">
    <skipped/>
  </testcase> <!-- tc_Packge_MumbaiVashiDeluxePackage -->
  <testcase name="tc_Account_Help_HowGynaecCalenderWorks" classname="core.tests.Scenarios">
    <skipped/>
  </testcase> <!-- tc_Account_Help_HowGynaecCalenderWorks -->
  <testcase name="tc_ViewMedicalRecords" classname="core.tests.Scenarios">
    <skipped/>
  </testcase> <!-- tc_ViewMedicalRecords -->
  <testcase name="tc_CheckAppointmentFailed" classname="core.tests.Scenarios">
    <skipped/>
  </testcase> <!-- tc_CheckAppointmentFailed -->
</testsuite> <!-- core.tests.Scenarios -->
