<?xml version="1.0" encoding="UTF-8"?>
<!-- Generated by org.testng.reporters.JUnitReportReporter -->
<testsuite skipped="11" hostname="DESKTOP-T7NPA44" name="core.tests.Booking" tests="12" failures="0" timestamp="25 Nov 2019 07:28:39 GMT" time="68.796" errors="0">
  <testcase name="tc_AskAQueryBump" time="68.796" classname="core.tests.Booking"/>
  <testcase name="tc_BookAnAppointmentUsingRadiologistScansGurgaon" classname="core.tests.Booking">
    <skipped/>
  </testcase> <!-- tc_BookAnAppointmentUsingRadiologistScansGurgaon -->
  <testcase name="tc_BookAnAppointment" classname="core.tests.Booking">
    <skipped/>
  </testcase> <!-- tc_BookAnAppointment -->
  <testcase name="tc_BookAndCancelAppointment" classname="core.tests.Booking">
    <skipped/>
  </testcase> <!-- tc_BookAndCancelAppointment -->
  <testcase name="tc_BookAScan" classname="core.tests.Booking">
    <skipped/>
  </testcase> <!-- tc_BookAScan -->
  <testcase name="tc_MakeFutureApptAndCancel" classname="core.tests.Booking">
    <skipped/>
  </testcase> <!-- tc_MakeFutureApptAndCancel -->
  <testcase name="tc_BookALabTestXray" classname="core.tests.Booking">
    <skipped/>
  </testcase> <!-- tc_BookALabTestXray -->
  <testcase name="tc_CheckAppointmentFailed" classname="core.tests.Booking">
    <skipped/>
  </testcase> <!-- tc_CheckAppointmentFailed -->
  <testcase name="tc_BookALabTestLAB" classname="core.tests.Booking">
    <skipped/>
  </testcase> <!-- tc_BookALabTestLAB -->
  <testcase name="tc_CancelAppointment" classname="core.tests.Booking">
    <skipped/>
  </testcase> <!-- tc_CancelAppointment -->
  <testcase name="tc_BookAnAppointmentUsingRadiologistScans" classname="core.tests.Booking">
    <skipped/>
  </testcase> <!-- tc_BookAnAppointmentUsingRadiologistScans -->
  <testcase name="tc_BookAnAppointmentBump" classname="core.tests.Booking">
    <skipped/>
  </testcase> <!-- tc_BookAnAppointmentBump -->
</testsuite> <!-- core.tests.Booking -->
